<?xml version="1.0" encoding="UTF-8"?>
<!-- Generated by org.testng.reporters.JUnitXMLReporter -->
<testsuite hostname="KCS-TECH-LAXMANG" name="ConfigSmokeTest" tests="16" failures="0" timestamp="10 Feb 2021 10:28:13 GMT" time="5.264" errors="0">
  <testcase name="@BeforeClass home" time="0.0" classname="macconfigforms.BankingConfig">
    <failure type="org.openqa.selenium.NoSuchWindowException" message="no such window: target window already closed
from unknown error: web view not found
  (Session info: chrome=88.0.4324.150)
Build info: version: &amp;apos;3.141.59&amp;apos;, revision: &amp;apos;e82be7d358&amp;apos;, time: &amp;apos;2018-11-14T08:25:48&amp;apos;
System info: host: &amp;apos;KCS-TECH-LAXMAN&amp;apos;, ip: &amp;apos;192.168.2.179&amp;apos;, os.name: &amp;apos;Windows 10&amp;apos;, os.arch: &amp;apos;amd64&amp;apos;, os.version: &amp;apos;10.0&amp;apos;, java.version: &amp;apos;1.8.0_211&amp;apos;
Driver info: org.openqa.selenium.chrome.ChromeDriver
Capabilities {acceptInsecureCerts: false, browserName: chrome, browserVersion: 88.0.4324.150, chrome: {chromedriverVersion: 87.0.4280.88 (89e2380a3e36c..., userDataDir: C:\Users\Admin\AppData\Loca...}, goog:chromeOptions: {debuggerAddress: localhost:51625}, javascriptEnabled: true, networkConnectionEnabled: false, pageLoadStrategy: normal, platform: WINDOWS, platformName: WINDOWS, proxy: Proxy(), setWindowRect: true, strictFileInteractability: false, timeouts: {implicit: 0, pageLoad: 300000, script: 30000}, unhandledPromptBehavior: dismiss and notify, webauthn:virtualAuthenticators: true}
Session ID: 59a186dfb08a548f865b344a0f38c0f2
*** Element info: {Using=name, value=username}">
      <![CDATA[org.openqa.selenium.NoSuchWindowException: no such window: target window already closed
from unknown error: web view not found
  (Session info: chrome=88.0.4324.150)
Build info: version: '3.141.59', revision: 'e82be7d358', time: '2018-11-14T08:25:48'
System info: host: 'KCS-TECH-LAXMAN', ip: '192.168.2.179', os.name: 'Windows 10', os.arch: 'amd64', os.version: '10.0', java.version: '1.8.0_211'
Driver info: org.openqa.selenium.chrome.ChromeDriver
Capabilities {acceptInsecureCerts: false, browserName: chrome, browserVersion: 88.0.4324.150, chrome: {chromedriverVersion: 87.0.4280.88 (89e2380a3e36c..., userDataDir: C:\Users\Admin\AppData\Loca...}, goog:chromeOptions: {debuggerAddress: localhost:51625}, javascriptEnabled: true, networkConnectionEnabled: false, pageLoadStrategy: normal, platform: WINDOWS, platformName: WINDOWS, proxy: Proxy(), setWindowRect: true, strictFileInteractability: false, timeouts: {implicit: 0, pageLoad: 300000, script: 30000}, unhandledPromptBehavior: dismiss and notify, webauthn:virtualAuthenticators: true}
Session ID: 59a186dfb08a548f865b344a0f38c0f2
*** Element info: {Using=name, value=username}
	at org.openqa.selenium.remote.http.W3CHttpResponseCodec.createException(W3CHttpResponseCodec.java:187)
	at org.openqa.selenium.remote.http.W3CHttpResponseCodec.decode(W3CHttpResponseCodec.java:122)
	at org.openqa.selenium.remote.http.W3CHttpResponseCodec.decode(W3CHttpResponseCodec.java:49)
	at org.openqa.selenium.remote.HttpCommandExecutor.execute(HttpCommandExecutor.java:158)
	at org.openqa.selenium.remote.service.DriverCommandExecutor.execute(DriverCommandExecutor.java:83)
	at org.openqa.selenium.remote.RemoteWebDriver.execute(RemoteWebDriver.java:552)
	at org.openqa.selenium.remote.RemoteWebDriver.findElement(RemoteWebDriver.java:323)
	at org.openqa.selenium.remote.RemoteWebDriver.findElementByName(RemoteWebDriver.java:404)
	at org.openqa.selenium.By$ByName.findElement(By.java:284)
	at org.openqa.selenium.remote.RemoteWebDriver.findElement(RemoteWebDriver.java:315)
	at macconfigforms.BankingConfig.home(BankingConfig.java:32)
... Removed 29 stack frames]]>
    </failure>
  </testcase> <!-- @BeforeClass home -->
  <testcase name="@AfterClass window" time="0.0" classname="macconfigforms.BankingConfig">
    <skipped/>
  </testcase> <!-- @AfterClass window -->
  <testcase name="memType" time="0.002" classname="macconfigforms.BankingConfig">
    <skipped/>
  </testcase> <!-- memType -->
  <testcase name="share" time="0.001" classname="macconfigforms.BankingConfig">
    <skipped/>
  </testcase> <!-- share -->
  <testcase name="shareConfig" time="0.001" classname="macconfigforms.BankingConfig">
    <skipped/>
  </testcase> <!-- shareConfig -->
  <testcase name="saving" time="0.001" classname="macconfigforms.BankingConfig">
    <skipped/>
  </testcase> <!-- saving -->
  <testcase name="saConfig" time="0.002" classname="macconfigforms.BankingConfig">
    <skipped/>
  </testcase> <!-- saConfig -->
  <testcase name="saloanfacility" time="0.003" classname="macconfigforms.BankingConfig">
    <skipped/>
  </testcase> <!-- saloanfacility -->
  <testcase name="sadocuments" time="0.002" classname="macconfigforms.BankingConfig">
    <skipped/>
  </testcase> <!-- sadocuments -->
  <testcase name="sareferences" time="0.002" classname="macconfigforms.BankingConfig">
    <skipped/>
  </testcase> <!-- sareferences -->
  <testcase name="fd" time="0.001" classname="macconfigforms.BankingConfig">
    <skipped/>
  </testcase> <!-- fd -->
  <testcase name="fdConfig" time="0.001" classname="macconfigforms.BankingConfig">
    <skipped/>
  </testcase> <!-- fdConfig -->
  <testcase name="fdprematurity" time="0.001" classname="macconfigforms.BankingConfig">
    <skipped/>
  </testcase> <!-- fdprematurity -->
  <testcase name="fddocuments" time="0.003" classname="macconfigforms.BankingConfig">
    <skipped/>
  </testcase> <!-- fddocuments -->
  <testcase name="rd" time="0.003" classname="macconfigforms.BankingConfig">
    <skipped/>
  </testcase> <!-- rd -->
  <testcase name="rdConfig" time="0.002" classname="macconfigforms.BankingConfig">
    <skipped/>
  </testcase> <!-- rdConfig -->
  <testcase name="rdPrematurity" time="0.004" classname="macconfigforms.BankingConfig">
    <skipped/>
  </testcase> <!-- rdPrematurity -->
  <testcase name="rdDocuments" time="0.001" classname="macconfigforms.BankingConfig">
    <skipped/>
  </testcase> <!-- rdDocuments -->
</testsuite> <!-- ConfigSmokeTest -->
